# JRE version: Java(TM) SE Runtime Environment (8.0_201-b09) (build 1.8.0_201-b09)
# Java VM: Java HotSpot(TM) Client VM (25.201-b09 mixed mode windows-x86 )
Heap:
 def new generation   total 82752K, used 28224K [0x04600000, 0x09fc0000, 0x19b50000)
  eden space 73600K,  25% used [0x04600000, 0x058a0348, 0x08de0000)
  from space 9152K,  99% used [0x096d0000, 0x09fbfff8, 0x09fc0000)
  to   space 9152K,   0% used [0x08de0000, 0x08de0000, 0x096d0000)
 tenured generation   total 183504K, used 165333K [0x19b50000, 0x24e84000, 0x44600000)
   the space 183504K,  90% used [0x19b50000, 0x23cc5448, 0x23cc5600, 0x24e84000)
 Metaspace       used 22045K, capacity 22631K, committed 22784K, reserved 22912K
GC Heap History (10 events):
Event: 87220.709 GC heap before
{Heap before GC invocations=320 (full 7):
 def new generation   total 82752K, used 82752K [0x04600000, 0x09fc0000, 0x19b50000)
  eden space 73600K, 100% used [0x04600000, 0x08de0000, 0x08de0000)
  from space 9152K, 100% used [0x08de0000, 0x096d0000, 0x096d0000)
  to   space 9152K,   0% used [0x096d0000, 0x096d0000, 0x09fc0000)
 tenured generation   total 183504K, used 163170K [0x19b50000, 0x24e84000, 0x44600000)
   the space 183504K,  88% used [0x19b50000, 0x23aa8b80, 0x23aa8c00, 0x24e84000)
 Metaspace       used 22045K, capacity 22631K, committed 22784K, reserved 22912K
Event: 87220.750 GC heap after
Heap after GC invocations=321 (full 7):
 def new generation   total 82752K, used 9152K [0x04600000, 0x09fc0000, 0x19b50000)
  eden space 73600K,   0% used [0x04600000, 0x04600000, 0x08de0000)
  from space 9152K, 100% used [0x096d0000, 0x09fc0000, 0x09fc0000)
  to   space 9152K,   0% used [0x08de0000, 0x08de0000, 0x096d0000)
 tenured generation   total 183504K, used 163636K [0x19b50000, 0x24e84000, 0x44600000)
   the space 183504K,  89% used [0x19b50000, 0x23b1d310, 0x23b1d400, 0x24e84000)
 Metaspace       used 22045K, capacity 22631K, committed 22784K, reserved 22912K
}
Event: 87683.211 GC heap before
{Heap before GC invocations=321 (full 7):
 def new generation   total 82752K, used 82752K [0x04600000, 0x09fc0000, 0x19b50000)
  eden space 73600K, 100% used [0x04600000, 0x08de0000, 0x08de0000)
  from space 9152K, 100% used [0x096d0000, 0x09fc0000, 0x09fc0000)
  to   space 9152K,   0% used [0x08de0000, 0x08de0000, 0x096d0000)
 tenured generation   total 183504K, used 163636K [0x19b50000, 0x24e84000, 0x44600000)
   the space 183504K,  89% used [0x19b50000, 0x23b1d310, 0x23b1d400, 0x24e84000)
 Metaspace       used 22045K, capacity 22631K, committed 22784K, reserved 22912K
Event: 87683.250 GC heap after
Heap after GC invocations=322 (full 7):
 def new generation   total 82752K, used 9152K [0x04600000, 0x09fc0000, 0x19b50000)
  eden space 73600K,   0% used [0x04600000, 0x04600000, 0x08de0000)
  from space 9152K, 100% used [0x08de0000, 0x096d0000, 0x096d0000)
  to   space 9152K,   0% used [0x096d0000, 0x096d0000, 0x09fc0000)
 tenured generation   total 183504K, used 164086K [0x19b50000, 0x24e84000, 0x44600000)
   the space 183504K,  89% used [0x19b50000, 0x23b8d9b0, 0x23b8da00, 0x24e84000)
 Metaspace       used 22045K, capacity 22631K, committed 22784K, reserved 22912K
}
Event: 88142.444 GC heap before
{Heap before GC invocations=322 (full 7):
 def new generation   total 82752K, used 82752K [0x04600000, 0x09fc0000, 0x19b50000)
  eden space 73600K, 100% used [0x04600000, 0x08de0000, 0x08de0000)
  from space 9152K, 100% used [0x08de0000, 0x096d0000, 0x096d0000)
  to   space 9152K,   0% used [0x096d0000, 0x096d0000, 0x09fc0000)
 tenured generation   total 183504K, used 164086K [0x19b50000, 0x24e84000, 0x44600000)
   the space 183504K,  89% used [0x19b50000, 0x23b8d9b0, 0x23b8da00, 0x24e84000)
 Metaspace       used 22045K, capacity 22631K, committed 22784K, reserved 22912K
Event: 88142.487 GC heap after
Heap after GC invocations=323 (full 7):
 def new generation   total 82752K, used 9151K [0x04600000, 0x09fc0000, 0x19b50000)
  eden space 73600K,   0% used [0x04600000, 0x04600000, 0x08de0000)
  from space 9152K,  99% used [0x096d0000, 0x09fbfff8, 0x09fc0000)
  to   space 9152K,   0% used [0x08de0000, 0x08de0000, 0x096d0000)
 tenured generation   total 183504K, used 164469K [0x19b50000, 0x24e84000, 0x44600000)
   the space 183504K,  89% used [0x19b50000, 0x23bed4d0, 0x23bed600, 0x24e84000)
 Metaspace       used 22045K, capacity 22631K, committed 22784K, reserved 22912K
}
Event: 88602.906 GC heap before
{Heap before GC invocations=323 (full 7):
 def new generation   total 82752K, used 82751K [0x04600000, 0x09fc0000, 0x19b50000)
  eden space 73600K, 100% used [0x04600000, 0x08de0000, 0x08de0000)
  from space 9152K,  99% used [0x096d0000, 0x09fbfff8, 0x09fc0000)
  to   space 9152K,   0% used [0x08de0000, 0x08de0000, 0x096d0000)
 tenured generation   total 183504K, used 164469K [0x19b50000, 0x24e84000, 0x44600000)
   the space 183504K,  89% used [0x19b50000, 0x23bed4d0, 0x23bed600, 0x24e84000)
 Metaspace       used 22045K, capacity 22631K, committed 22784K, reserved 22912K
Event: 88602.961 GC heap after
Heap after GC invocations=324 (full 7):
 def new generation   total 82752K, used 9152K [0x04600000, 0x09fc0000, 0x19b50000)
  eden space 73600K,   0% used [0x04600000, 0x04600000, 0x08de0000)
  from space 9152K, 100% used [0x08de0000, 0x096d0000, 0x096d0000)
  to   space 9152K,   0% used [0x096d0000, 0x096d0000, 0x09fc0000)
 tenured generation   total 183504K, used 164877K [0x19b50000, 0x24e84000, 0x44600000)
   the space 183504K,  89% used [0x19b50000, 0x23c53608, 0x23c53800, 0x24e84000)
 Metaspace       used 22045K, capacity 22631K, committed 22784K, reserved 22912K
}
Event: 89065.616 GC heap before
{Heap before GC invocations=324 (full 7):
 def new generation   total 82752K, used 82752K [0x04600000, 0x09fc0000, 0x19b50000)
  eden space 73600K, 100% used [0x04600000, 0x08de0000, 0x08de0000)
  from space 9152K, 100% used [0x08de0000, 0x096d0000, 0x096d0000)
  to   space 9152K,   0% used [0x096d0000, 0x096d0000, 0x09fc0000)
 tenured generation   total 183504K, used 164877K [0x19b50000, 0x24e84000, 0x44600000)
   the space 183504K,  89% used [0x19b50000, 0x23c53608, 0x23c53800, 0x24e84000)
 Metaspace       used 22045K, capacity 22631K, committed 22784K, reserved 22912K
Event: 89065.660 GC heap after
Heap after GC invocations=325 (full 7):
 def new generation   total 82752K, used 9151K [0x04600000, 0x09fc0000, 0x19b50000)
  eden space 73600K,   0% used [0x04600000, 0x04600000, 0x08de0000)
  from space 9152K,  99% used [0x096d0000, 0x09fbfff8, 0x09fc0000)
  to   space 9152K,   0% used [0x08de0000, 0x08de0000, 0x096d0000)
 tenured generation   total 183504K, used 165333K [0x19b50000, 0x24e84000, 0x44600000)
   the space 183504K,  90% used [0x19b50000, 0x23cc5448, 0x23cc5600, 0x24e84000)
 Metaspace       used 22045K, capacity 22631K, committed 22784K, reserved 22912K
}

